info it worked if it ends with ok
verbose cli [ 'node', '/usr/local/bin/npm', 'install', 'docco' ]
info using npm@1.1.1
info using node@v0.6.8
verbose config file /Users/ray/.npmrc
verbose config file /usr/local/etc/npmrc
verbose config file /usr/local/lib/node_modules/npm/npmrc
verbose caching /Users/ray/projects/aicraft/package.json
verbose loadDefaults aicraft@0.0.1
verbose caching /Users/ray/projects/aicraft/node_modules/ejs/package.json
verbose loadDefaults ejs@0.6.1
verbose caching /Users/ray/projects/aicraft/node_modules/express/package.json
verbose loadDefaults express@2.5.8
verbose caching /Users/ray/projects/aicraft/node_modules/socket.io/package.json
verbose loadDefaults socket.io@0.8.7
verbose from cache /Users/ray/projects/aicraft/package.json
verbose cache add [ 'docco', null ]
silly cache add: name, spec, args [ undefined, 'docco', [ 'docco', null ] ]
verbose parsed url { pathname: 'docco', path: 'docco', href: 'docco' }
verbose addNamed [ 'docco', '' ]
verbose addNamed [ null, '' ]
silly name, range, hasData [ 'docco', '', false ]
verbose raw, before any munging docco
verbose url resolving [ 'https://registry.npmjs.org/', './docco' ]
verbose url resolved https://registry.npmjs.org/docco
http GET https://registry.npmjs.org/docco
ERR! Error: failed to fetch from registry: docco
ERR!     at /usr/local/lib/node_modules/npm/lib/utils/npm-registry-client/get.js:139:12
ERR!     at cb (/usr/local/lib/node_modules/npm/lib/utils/npm-registry-client/request.js:32:9)
ERR!     at Request._callback (/usr/local/lib/node_modules/npm/lib/utils/npm-registry-client/request.js:137:18)
ERR!     at Request.callback (/usr/local/lib/node_modules/npm/node_modules/request/main.js:109:22)
ERR!     at Request.<anonymous> (/usr/local/lib/node_modules/npm/node_modules/request/main.js:198:58)
ERR!     at Request.emit (events.js:88:20)
ERR!     at ClientRequest.<anonymous> (/usr/local/lib/node_modules/npm/node_modules/request/main.js:195:10)
ERR!     at ClientRequest.emit (events.js:67:17)
ERR!     at CleartextStream.<anonymous> (http.js:1187:13)
ERR!     at CleartextStream.emit (events.js:88:20)
ERR! You may report this log at:
ERR!     <http://github.com/isaacs/npm/issues>
ERR! or email it to:
ERR!     <npm-@googlegroups.com>
ERR! 
ERR! System Darwin 10.8.0
ERR! command "node" "/usr/local/bin/npm" "install" "docco"
ERR! cwd /Users/ray/projects/aicraft
ERR! node -v v0.6.8
ERR! npm -v 1.1.1
ERR! message failed to fetch from registry: docco
verbose exit [ 1, true ]
